2025-12-13 09:19:03 - deploy                    - INFO - 
2025-12-13 09:19:03 - deploy                    - INFO - Deploy plan (total 67 steps, running 7-7):
2025-12-13 09:19:03 - deploy                    - INFO -   [ 1] skip apt-cache: create container
2025-12-13 09:19:03 - deploy                    - INFO -   [ 2] skip apt-cache: cloud-init wait
2025-12-13 09:19:03 - deploy                    - INFO -   [ 3] skip apt-cache: AppArmor parser stub
2025-12-13 09:19:03 - deploy                    - INFO -   [ 4] skip apt-cache: disable automatic apt units
2025-12-13 09:19:03 - deploy                    - INFO -   [ 5] skip apt-cache: systemd sysctl override
2025-12-13 09:19:03 - deploy                    - INFO -   [ 6] skip apt-cache: apt-cacher-ng installation
2025-12-13 09:19:03 - deploy                    - INFO -   [ 7] RUN  apt-cache: apt-cacher-ng port configuration
2025-12-13 09:19:03 - deploy                    - INFO -   [ 8] skip apt-cache: apt-cacher-ng service enablement
2025-12-13 09:19:03 - deploy                    - INFO -   [ 9] skip ubuntu-tmpl: create template
2025-12-13 09:19:03 - deploy                    - INFO -   [10] skip ubuntu-tmpl: apt cache proxy configuration
2025-12-13 09:19:03 - deploy                    - INFO -   [11] skip ubuntu-tmpl: apt sources fix
2025-12-13 09:19:03 - deploy                    - INFO -   [12] skip ubuntu-tmpl: system upgrade
2025-12-13 09:19:03 - deploy                    - INFO -   [13] skip ubuntu-tmpl: openssh-server installation
2025-12-13 09:19:03 - deploy                    - INFO -   [14] skip ubuntu-tmpl: SSH service enablement
2025-12-13 09:19:03 - deploy                    - INFO -   [15] skip ubuntu-tmpl: base tools installation
2025-12-13 09:19:03 - deploy                    - INFO -   [16] skip ubuntu-tmpl: template cleanup
2025-12-13 09:19:03 - deploy                    - INFO -   [17] skip ubuntu-tmpl: template archive creation
2025-12-13 09:19:03 - deploy                    - INFO -   [18] skip pgsql: create container
2025-12-13 09:19:03 - deploy                    - INFO -   [19] skip pgsql: cloud-init wait
2025-12-13 09:19:03 - deploy                    - INFO -   [20] skip pgsql: postgresql installation
2025-12-13 09:19:03 - deploy                    - INFO -   [21] skip pgsql: postgresql service configuration
2025-12-13 09:19:03 - deploy                    - INFO -   [22] skip pgsql: postgresql files configuration
2025-12-13 09:19:03 - deploy                    - INFO -   [23] skip pgsql: postgresql password setup
2025-12-13 09:19:03 - deploy                    - INFO -   [24] skip haproxy: create container
2025-12-13 09:19:03 - deploy                    - INFO -   [25] skip haproxy: cloud-init wait
2025-12-13 09:19:03 - deploy                    - INFO -   [26] skip haproxy: haproxy installation
2025-12-13 09:19:03 - deploy                    - INFO -   [27] skip haproxy: haproxy configuration
2025-12-13 09:19:03 - deploy                    - INFO -   [28] skip haproxy: haproxy systemd override
2025-12-13 09:19:03 - deploy                    - INFO -   [29] skip haproxy: haproxy service enablement
2025-12-13 09:19:03 - deploy                    - INFO -   [30] skip dns: create container
2025-12-13 09:19:03 - deploy                    - INFO -   [31] skip dns: cloud-init wait
2025-12-13 09:19:03 - deploy                    - INFO -   [32] skip dns: dotnet installation
2025-12-13 09:19:03 - deploy                    - INFO -   [33] skip dns: disable systemd resolved
2025-12-13 09:19:03 - deploy                    - INFO -   [34] skip dns: sins dns installation
2025-12-13 09:19:03 - deploy                    - INFO -   [35] skip dns: sins dns service configuration
2025-12-13 09:19:03 - deploy                    - INFO -   [36] skip dns: sins dns service enablement
2025-12-13 09:19:03 - deploy                    - INFO -   [37] skip glusterfs-node-1: create container
2025-12-13 09:19:03 - deploy                    - INFO -   [38] skip glusterfs-node-1: cloud-init wait
2025-12-13 09:19:03 - deploy                    - INFO -   [39] skip glusterfs-node-1: glusterfs server installation
2025-12-13 09:19:03 - deploy                    - INFO -   [40] skip glusterfs-node-2: create container
2025-12-13 09:19:03 - deploy                    - INFO -   [41] skip glusterfs-node-2: cloud-init wait
2025-12-13 09:19:03 - deploy                    - INFO -   [42] skip glusterfs-node-2: glusterfs server installation
2025-12-13 09:19:03 - deploy                    - INFO -   [43] skip glusterfs-node-3: create container
2025-12-13 09:19:03 - deploy                    - INFO -   [44] skip glusterfs-node-3: cloud-init wait
2025-12-13 09:19:03 - deploy                    - INFO -   [45] skip glusterfs-node-3: glusterfs server installation
2025-12-13 09:19:03 - deploy                    - INFO -   [46] skip backup: create container
2025-12-13 09:19:03 - deploy                    - INFO -   [47] skip backup: cloud-init wait
2025-12-13 09:19:03 - deploy                    - INFO -   [48] skip backup: base tools installation
2025-12-13 09:19:03 - deploy                    - INFO -   [49] skip k3s-control: create container
2025-12-13 09:19:03 - deploy                    - INFO -   [50] skip k3s-control: cloud-init wait
2025-12-13 09:19:03 - deploy                    - INFO -   [51] skip k3s-control: lxc sysctl access configuration
2025-12-13 09:19:03 - deploy                    - INFO -   [52] skip k3s-control: k3s installation
2025-12-13 09:19:03 - deploy                    - INFO -   [53] skip k3s-worker-1: create container
2025-12-13 09:19:03 - deploy                    - INFO -   [54] skip k3s-worker-1: cloud-init wait
2025-12-13 09:19:03 - deploy                    - INFO -   [55] skip k3s-worker-1: lxc sysctl access configuration
2025-12-13 09:19:03 - deploy                    - INFO -   [56] skip k3s-worker-1: k3s installation
2025-12-13 09:19:03 - deploy                    - INFO -   [57] skip k3s-worker-2: create container
2025-12-13 09:19:03 - deploy                    - INFO -   [58] skip k3s-worker-2: cloud-init wait
2025-12-13 09:19:03 - deploy                    - INFO -   [59] skip k3s-worker-2: lxc sysctl access configuration
2025-12-13 09:19:03 - deploy                    - INFO -   [60] skip k3s-worker-2: k3s installation
2025-12-13 09:19:03 - deploy                    - INFO -   [61] skip k3s-worker-3: create container
2025-12-13 09:19:03 - deploy                    - INFO -   [62] skip k3s-worker-3: cloud-init wait
2025-12-13 09:19:03 - deploy                    - INFO -   [63] skip k3s-worker-3: lxc sysctl access configuration
2025-12-13 09:19:03 - deploy                    - INFO -   [64] skip k3s-worker-3: k3s installation
2025-12-13 09:19:03 - deploy                    - INFO -   [65] skip kubernetes: setup kubernetes
2025-12-13 09:19:03 - deploy                    - INFO -   [66] skip glusterfs: setup glusterfs
2025-12-13 09:19:03 - deploy                    - INFO - ==================================================
2025-12-13 09:19:03 - deploy                    - INFO - Executing Deployment
2025-12-13 09:19:03 - deploy                    - INFO - ==================================================
2025-12-13 09:19:03 - deploy                    - INFO - Skipping container 'apt-cache' creation (step 1 < start_step 7)
2025-12-13 09:19:03 - deploy                    - INFO - Setting up SSH connection to container apt-cache...
2025-12-13 09:19:03 - ssh                       - INFO - SSH connection established to jaal@10.11.4.20
2025-12-13 09:19:05 - ssh                       - INFO - SSH connection established to root@10.11.4.4
2025-12-13 09:19:05 - deploy                    - INFO - ==================================================
2025-12-13 09:19:05 - deploy                    - INFO - [Overall: 10%] [Step: 7/67] Executing: apt-cache - apt-cacher-ng port configuration
2025-12-13 09:19:05 - deploy                    - INFO - ==================================================
2025-12-13 09:19:05 - ssh                       - INFO - Running: sudo -n bash -c 'sed -i '"'"'"'"'"'"'"'"'s/^#\s*Port:.*/Port: 3142/'"'"'"'"'"'"'"'"' /etc/apt-cacher-ng/acng.conf 2>&1'
2025-12-13 09:19:05 - ssh                       - INFO - Running: sudo -n bash -c 'sed -i '"'"'"'"'"'"'"'"'s/^Port:.*/Port: 3142/'"'"'"'"'"'"'"'"' /etc/apt-cacher-ng/acng.conf 2>&1'
2025-12-13 09:19:05 - ssh                       - INFO - Running: sudo -n bash -c 'echo cHJpbnRmICdQb3J0OiAzMTQyCicgPj4gL2V0Yy9hcHQtY2FjaGVyLW5nL2FjbmcuY29uZiAyPiYx | base64 -d | bash'
2025-12-13 09:19:05 - configure_cache_port      - ERROR - append apt-cacher-ng port failed with exit code 1
2025-12-13 09:19:05 - ssh                       - INFO - SSH connection closed to jaal@10.11.4.20
2025-12-13 09:19:05 - deploy                    - ERROR - Error during deployment: Failed to execute action 'apt-cacher-ng port configuration' for container 'apt-cache'
2025-12-13 09:19:05 - deploy                    - ERROR - Error: Failed to execute action 'apt-cacher-ng port configuration' for container 'apt-cache'
2025-12-13 09:19:05 - deploy                    - ERROR -   enva/libs.(*Logger).LogTraceback(0xc0001dbaf8?, {0x8645e0?, 0xc00027a9a0?})
2025-12-13 09:19:05 - deploy                    - ERROR -   	/home/jaal/lab/lab/src/libs/logger.go:131 +0x86
2025-12-13 09:19:05 - deploy                    - ERROR -   enva/commands.(*Deploy).Run(0xc0001aec30?, 0xe?, 0xc000210dc8?, 0x0)
2025-12-13 09:19:05 - deploy                    - ERROR -   	/home/jaal/lab/lab/src/commands/deploy.go:64 +0x1e7
2025-12-13 09:19:05 - deploy                    - ERROR -   main.runDeploy(0xc0001e4300?, {0x7b2dc7?, 0x4?, 0x7b2d87?})
2025-12-13 09:19:05 - deploy                    - ERROR -   	/home/jaal/lab/lab/src/main.go:186 +0x249
2025-12-13 09:19:05 - deploy                    - ERROR -   github.com/spf13/cobra.(*Command).execute(0xc000208300, {0xc00019e360, 0x6, 0x6})
2025-12-13 09:19:05 - deploy                    - ERROR -   	/home/jaal/go/pkg/mod/github.com/spf13/cobra@v1.8.0/command.go:983 +0xabc
2025-12-13 09:19:05 - deploy                    - ERROR -   github.com/spf13/cobra.(*Command).ExecuteC(0xc000208000)
2025-12-13 09:19:05 - deploy                    - ERROR -   	/home/jaal/go/pkg/mod/github.com/spf13/cobra@v1.8.0/command.go:1115 +0x3ff
2025-12-13 09:19:05 - deploy                    - ERROR -   github.com/spf13/cobra.(*Command).Execute(...)
2025-12-13 09:19:05 - deploy                    - ERROR -   	/home/jaal/go/pkg/mod/github.com/spf13/cobra@v1.8.0/command.go:1039
2025-12-13 09:19:05 - deploy                    - ERROR -   main.main()
2025-12-13 09:19:05 - deploy                    - ERROR -   	/home/jaal/lab/lab/src/main.go:110 +0x62f
