2025-12-13 09:21:15 - deploy                    - INFO - 
2025-12-13 09:21:15 - deploy                    - INFO - Deploy plan (total 67 steps, running 6-7):
2025-12-13 09:21:15 - deploy                    - INFO -   [ 1] skip apt-cache: create container
2025-12-13 09:21:15 - deploy                    - INFO -   [ 2] skip apt-cache: cloud-init wait
2025-12-13 09:21:15 - deploy                    - INFO -   [ 3] skip apt-cache: AppArmor parser stub
2025-12-13 09:21:15 - deploy                    - INFO -   [ 4] skip apt-cache: disable automatic apt units
2025-12-13 09:21:15 - deploy                    - INFO -   [ 5] skip apt-cache: systemd sysctl override
2025-12-13 09:21:15 - deploy                    - INFO -   [ 6] RUN  apt-cache: apt-cacher-ng installation
2025-12-13 09:21:15 - deploy                    - INFO -   [ 7] RUN  apt-cache: apt-cacher-ng port configuration
2025-12-13 09:21:15 - deploy                    - INFO -   [ 8] skip apt-cache: apt-cacher-ng service enablement
2025-12-13 09:21:15 - deploy                    - INFO -   [ 9] skip ubuntu-tmpl: create template
2025-12-13 09:21:15 - deploy                    - INFO -   [10] skip ubuntu-tmpl: apt cache proxy configuration
2025-12-13 09:21:15 - deploy                    - INFO -   [11] skip ubuntu-tmpl: apt sources fix
2025-12-13 09:21:15 - deploy                    - INFO -   [12] skip ubuntu-tmpl: system upgrade
2025-12-13 09:21:15 - deploy                    - INFO -   [13] skip ubuntu-tmpl: openssh-server installation
2025-12-13 09:21:15 - deploy                    - INFO -   [14] skip ubuntu-tmpl: SSH service enablement
2025-12-13 09:21:15 - deploy                    - INFO -   [15] skip ubuntu-tmpl: base tools installation
2025-12-13 09:21:15 - deploy                    - INFO -   [16] skip ubuntu-tmpl: template cleanup
2025-12-13 09:21:15 - deploy                    - INFO -   [17] skip ubuntu-tmpl: template archive creation
2025-12-13 09:21:15 - deploy                    - INFO -   [18] skip pgsql: create container
2025-12-13 09:21:15 - deploy                    - INFO -   [19] skip pgsql: cloud-init wait
2025-12-13 09:21:15 - deploy                    - INFO -   [20] skip pgsql: postgresql installation
2025-12-13 09:21:15 - deploy                    - INFO -   [21] skip pgsql: postgresql service configuration
2025-12-13 09:21:15 - deploy                    - INFO -   [22] skip pgsql: postgresql files configuration
2025-12-13 09:21:15 - deploy                    - INFO -   [23] skip pgsql: postgresql password setup
2025-12-13 09:21:15 - deploy                    - INFO -   [24] skip haproxy: create container
2025-12-13 09:21:15 - deploy                    - INFO -   [25] skip haproxy: cloud-init wait
2025-12-13 09:21:15 - deploy                    - INFO -   [26] skip haproxy: haproxy installation
2025-12-13 09:21:15 - deploy                    - INFO -   [27] skip haproxy: haproxy configuration
2025-12-13 09:21:15 - deploy                    - INFO -   [28] skip haproxy: haproxy systemd override
2025-12-13 09:21:15 - deploy                    - INFO -   [29] skip haproxy: haproxy service enablement
2025-12-13 09:21:15 - deploy                    - INFO -   [30] skip dns: create container
2025-12-13 09:21:15 - deploy                    - INFO -   [31] skip dns: cloud-init wait
2025-12-13 09:21:15 - deploy                    - INFO -   [32] skip dns: dotnet installation
2025-12-13 09:21:15 - deploy                    - INFO -   [33] skip dns: disable systemd resolved
2025-12-13 09:21:15 - deploy                    - INFO -   [34] skip dns: sins dns installation
2025-12-13 09:21:15 - deploy                    - INFO -   [35] skip dns: sins dns service configuration
2025-12-13 09:21:15 - deploy                    - INFO -   [36] skip dns: sins dns service enablement
2025-12-13 09:21:15 - deploy                    - INFO -   [37] skip glusterfs-node-1: create container
2025-12-13 09:21:15 - deploy                    - INFO -   [38] skip glusterfs-node-1: cloud-init wait
2025-12-13 09:21:15 - deploy                    - INFO -   [39] skip glusterfs-node-1: glusterfs server installation
2025-12-13 09:21:15 - deploy                    - INFO -   [40] skip glusterfs-node-2: create container
2025-12-13 09:21:15 - deploy                    - INFO -   [41] skip glusterfs-node-2: cloud-init wait
2025-12-13 09:21:15 - deploy                    - INFO -   [42] skip glusterfs-node-2: glusterfs server installation
2025-12-13 09:21:15 - deploy                    - INFO -   [43] skip glusterfs-node-3: create container
2025-12-13 09:21:15 - deploy                    - INFO -   [44] skip glusterfs-node-3: cloud-init wait
2025-12-13 09:21:15 - deploy                    - INFO -   [45] skip glusterfs-node-3: glusterfs server installation
2025-12-13 09:21:15 - deploy                    - INFO -   [46] skip backup: create container
2025-12-13 09:21:15 - deploy                    - INFO -   [47] skip backup: cloud-init wait
2025-12-13 09:21:15 - deploy                    - INFO -   [48] skip backup: base tools installation
2025-12-13 09:21:15 - deploy                    - INFO -   [49] skip k3s-control: create container
2025-12-13 09:21:15 - deploy                    - INFO -   [50] skip k3s-control: cloud-init wait
2025-12-13 09:21:15 - deploy                    - INFO -   [51] skip k3s-control: lxc sysctl access configuration
2025-12-13 09:21:15 - deploy                    - INFO -   [52] skip k3s-control: k3s installation
2025-12-13 09:21:15 - deploy                    - INFO -   [53] skip k3s-worker-1: create container
2025-12-13 09:21:15 - deploy                    - INFO -   [54] skip k3s-worker-1: cloud-init wait
2025-12-13 09:21:15 - deploy                    - INFO -   [55] skip k3s-worker-1: lxc sysctl access configuration
2025-12-13 09:21:15 - deploy                    - INFO -   [56] skip k3s-worker-1: k3s installation
2025-12-13 09:21:15 - deploy                    - INFO -   [57] skip k3s-worker-2: create container
2025-12-13 09:21:15 - deploy                    - INFO -   [58] skip k3s-worker-2: cloud-init wait
2025-12-13 09:21:15 - deploy                    - INFO -   [59] skip k3s-worker-2: lxc sysctl access configuration
2025-12-13 09:21:15 - deploy                    - INFO -   [60] skip k3s-worker-2: k3s installation
2025-12-13 09:21:15 - deploy                    - INFO -   [61] skip k3s-worker-3: create container
2025-12-13 09:21:15 - deploy                    - INFO -   [62] skip k3s-worker-3: cloud-init wait
2025-12-13 09:21:15 - deploy                    - INFO -   [63] skip k3s-worker-3: lxc sysctl access configuration
2025-12-13 09:21:15 - deploy                    - INFO -   [64] skip k3s-worker-3: k3s installation
2025-12-13 09:21:15 - deploy                    - INFO -   [65] skip kubernetes: setup kubernetes
2025-12-13 09:21:15 - deploy                    - INFO -   [66] skip glusterfs: setup glusterfs
2025-12-13 09:21:15 - deploy                    - INFO - ==================================================
2025-12-13 09:21:15 - deploy                    - INFO - Executing Deployment
2025-12-13 09:21:15 - deploy                    - INFO - ==================================================
2025-12-13 09:21:15 - deploy                    - INFO - Skipping container 'apt-cache' creation (step 1 < start_step 6)
2025-12-13 09:21:15 - deploy                    - INFO - Setting up SSH connection to container apt-cache...
2025-12-13 09:21:15 - ssh                       - INFO - SSH connection established to jaal@10.11.4.20
2025-12-13 09:21:17 - ssh                       - INFO - SSH connection established to root@10.11.4.4
2025-12-13 09:21:17 - deploy                    - INFO - ==================================================
2025-12-13 09:21:17 - deploy                    - INFO - [Overall: 8%] [Step: 6/67] Executing: apt-cache - apt-cacher-ng installation
2025-12-13 09:21:17 - deploy                    - INFO - ==================================================
2025-12-13 09:21:17 - install_apt_cacher        - INFO - Installing apt-cacher-ng package...
2025-12-13 09:21:17 - ssh                       - INFO - Running: echo 'apt-cacher-ng apt-cacher-ng/tunnelenable boolean false
apt-cacher-ng apt-cacher-ng/bindaddress string 0.0.0.0
' | debconf-set-selections
2025-12-13 09:21:17 - install_apt_cacher        - INFO - Failed to set debconf selections: debconf: DbDriver "passwords" warning: could not open /var/cache/debconf/passwords.dat: Permission denied
debconf: DbDriver "config": could not write /var/cache/debconf/config.dat-new: Permission denied
2025-12-13 09:21:17 - ssh                       - INFO - Running: apt-get install -y apt-cacher-ng
2025-12-13 09:21:17 - install_apt_cacher        - INFO - apt-cacher-ng installation failed
2025-12-13 09:21:17 - ssh                       - INFO - Running: dpkg -l | grep -q '^ii.*apt-cacher-ng' && echo installed || echo not_installed
2025-12-13 09:21:17 - install_apt_cacher        - INFO - apt-cacher-ng binary exists despite installation error, treating as success
2025-12-13 09:21:17 - deploy                    - INFO - Action 'apt-cacher-ng installation' for container 'apt-cache' completed successfully
2025-12-13 09:21:17 - deploy                    - INFO - ==================================================
2025-12-13 09:21:17 - deploy                    - INFO - [Overall: 10%] [Step: 7/67] Executing: apt-cache - apt-cacher-ng port configuration
2025-12-13 09:21:17 - deploy                    - INFO - ==================================================
2025-12-13 09:21:17 - ssh                       - INFO - Running: sudo -n bash -c 'mkdir -p /etc/apt-cacher-ng 2>&1'
2025-12-13 09:21:17 - ssh                       - INFO - Running: sudo -n bash -c 'echo c2VkIC1pICdzL14jXHMqUG9ydDouKi9Qb3J0OiAzMTQyLycgL2V0Yy9hcHQtY2FjaGVyLW5nL2FjbmcuY29uZiAyPiYx | base64 -d | bash'
2025-12-13 09:21:17 - configure_cache_port      - INFO - Configuring apt-cacher-ng timeout and retry settings...
2025-12-13 09:21:17 - ssh                       - INFO - Running: sudo -n bash -c 'echo Z3JlcCAtRSAnXiM/RGxNYXhSZXRyaWVzOicgL2V0Yy9hcHQtY2FjaGVyLW5nL2FjbmcuY29uZiB8fCBlY2hvICdub3RfZm91bmQn | base64 -d | bash'
2025-12-13 09:21:17 - ssh                       - INFO - Running: sudo -n bash -c 'echo c2VkIC1pICdzL14jP0RsTWF4UmV0cmllczouKi9EbE1heFJldHJpZXM6IDUvJyAvZXRjL2FwdC1jYWNoZXItbmcvYWNuZy5jb25mIDI+JjE= | base64 -d | bash'
2025-12-13 09:21:17 - ssh                       - INFO - Running: sudo -n bash -c 'echo Z3JlcCAtRSAnXiM/TmV0d29ya1RpbWVvdXQ6JyAvZXRjL2FwdC1jYWNoZXItbmcvYWNuZy5jb25mIHx8IGVjaG8gJ25vdF9mb3VuZCc= | base64 -d | bash'
2025-12-13 09:21:17 - ssh                       - INFO - Running: sudo -n bash -c 'echo c2VkIC1pICdzL14jP05ldHdvcmtUaW1lb3V0Oi4qL05ldHdvcmtUaW1lb3V0OiAxMjAvJyAvZXRjL2FwdC1jYWNoZXItbmcvYWNuZy5jb25mIDI+JjE= | base64 -d | bash'
2025-12-13 09:21:17 - ssh                       - INFO - Running: sudo -n bash -c 'echo Z3JlcCAtRSAnXiM/RGlzY29ubmVjdFRpbWVvdXQ6JyAvZXRjL2FwdC1jYWNoZXItbmcvYWNuZy5jb25mIHx8IGVjaG8gJ25vdF9mb3VuZCc= | base64 -d | bash'
2025-12-13 09:21:17 - ssh                       - INFO - Running: sudo -n bash -c 'echo c2VkIC1pICdzL14jP0Rpc2Nvbm5lY3RUaW1lb3V0Oi4qL0Rpc2Nvbm5lY3RUaW1lb3V0OiAzMC8nIC9ldGMvYXB0LWNhY2hlci1uZy9hY25nLmNvbmYgMj4mMQ== | base64 -d | bash'
2025-12-13 09:21:17 - configure_cache_port      - INFO - Restarting apt-cacher-ng service to apply configuration changes...
2025-12-13 09:21:17 - ssh                       - INFO - Running: sudo -n bash -c 'systemctl restart apt-cacher-ng'
2025-12-13 09:21:17 - configure_cache_port      - ERROR - restart apt-cacher-ng service failed with exit code 5
2025-12-13 09:21:17 - configure_cache_port      - ERROR - restart output: [0;1;31mFailed to restart apt-cacher-ng.service: Unit apt-cacher-ng.service not found.[0m
2025-12-13 09:21:17 - ssh                       - INFO - SSH connection closed to jaal@10.11.4.20
2025-12-13 09:21:17 - deploy                    - ERROR - Error during deployment: Failed to execute action 'apt-cacher-ng port configuration' for container 'apt-cache'
2025-12-13 09:21:17 - deploy                    - ERROR - Error: Failed to execute action 'apt-cacher-ng port configuration' for container 'apt-cache'
2025-12-13 09:21:17 - deploy                    - ERROR -   enva/libs.(*Logger).LogTraceback(0xc000163af8?, {0x864720?, 0xc000326420?})
2025-12-13 09:21:17 - deploy                    - ERROR -   	/home/jaal/lab/lab/src/libs/logger.go:131 +0x86
2025-12-13 09:21:17 - deploy                    - ERROR -   enva/commands.(*Deploy).Run(0xc000134c30?, 0xe?, 0xc000198dc8?, 0x0)
2025-12-13 09:21:17 - deploy                    - ERROR -   	/home/jaal/lab/lab/src/commands/deploy.go:64 +0x1e7
2025-12-13 09:21:17 - deploy                    - ERROR -   main.runDeploy(0xc00016c300?, {0x7b2dc7?, 0x4?, 0x7b2d87?})
2025-12-13 09:21:17 - deploy                    - ERROR -   	/home/jaal/lab/lab/src/main.go:186 +0x249
2025-12-13 09:21:17 - deploy                    - ERROR -   github.com/spf13/cobra.(*Command).execute(0xc000190300, {0xc000124360, 0x6, 0x6})
2025-12-13 09:21:17 - deploy                    - ERROR -   	/home/jaal/go/pkg/mod/github.com/spf13/cobra@v1.8.0/command.go:983 +0xabc
2025-12-13 09:21:17 - deploy                    - ERROR -   github.com/spf13/cobra.(*Command).ExecuteC(0xc000190000)
2025-12-13 09:21:17 - deploy                    - ERROR -   	/home/jaal/go/pkg/mod/github.com/spf13/cobra@v1.8.0/command.go:1115 +0x3ff
2025-12-13 09:21:17 - deploy                    - ERROR -   github.com/spf13/cobra.(*Command).Execute(...)
2025-12-13 09:21:17 - deploy                    - ERROR -   	/home/jaal/go/pkg/mod/github.com/spf13/cobra@v1.8.0/command.go:1039
2025-12-13 09:21:17 - deploy                    - ERROR -   main.main()
2025-12-13 09:21:17 - deploy                    - ERROR -   	/home/jaal/lab/lab/src/main.go:110 +0x62f
